Started by an SCM change
Building remotely on BSP-i-39f24ffa-160314130847407 (cgdo-tools-linux) in workspace /cgdo/data/hudslave/workspace/CTG-DO-artifacts-service-ci
Wiping out workspace first.
Cloning the remote Git repository
Cloning repository https://github.intuit.com/ctgdevops/artifacts-service.git
 > git init /cgdo/data/hudslave/workspace/CTG-DO-artifacts-service-ci # timeout=10
Fetching upstream changes from https://github.intuit.com/ctgdevops/artifacts-service.git
 > git --version # timeout=10
using .gitcredentials to set credentials
 > git config --local credential.helper store --file=/tmp/git741000670678109187.credentials # timeout=10
 > git -c core.askpass=true fetch --tags --progress https://github.intuit.com/ctgdevops/artifacts-service.git +refs/heads/*:refs/remotes/origin/* # timeout=3
 > git config --local --remove-section credential # timeout=10
 > git config remote.origin.url https://github.intuit.com/ctgdevops/artifacts-service.git # timeout=10
 > git config --add remote.origin.fetch +refs/heads/*:refs/remotes/origin/* # timeout=10
 > git config remote.origin.url https://github.intuit.com/ctgdevops/artifacts-service.git # timeout=10
Fetching upstream changes from https://github.intuit.com/ctgdevops/artifacts-service.git
using .gitcredentials to set credentials
 > git config --local credential.helper store --file=/tmp/git6461549105918659849.credentials # timeout=10
 > git -c core.askpass=true fetch --tags --progress https://github.intuit.com/ctgdevops/artifacts-service.git +refs/heads/*:refs/remotes/origin/* # timeout=3
 > git config --local --remove-section credential # timeout=10
 > git rev-parse refs/remotes/origin/master^{commit} # timeout=10
 > git rev-parse refs/remotes/origin/origin/master^{commit} # timeout=10
Checking out Revision d45028b1196004348a4472faadf3218456c7baa9 (refs/remotes/origin/master)
 > git config core.sparsecheckout # timeout=10
 > git checkout -f d45028b1196004348a4472faadf3218456c7baa9
 > git rev-list e3c3805bb7937d3d79bb581214d2b56435b0619c # timeout=10
[CTG-DO-artifacts-service-ci] $ /bin/sh -xe /tmp/hudson4285404121772384031.sh
+ git config --global credential.helper 'store --file=/cgdo/data/hudslave/secretFiles/52993951-9b4c-4de2-a40a-32b4e89161ec/git-credentials'
[CTG-DO-artifacts-service-ci] $ mvn -f pom.xml clean deploy -s rc-settings.xml -U -B
[INFO] Scanning for projects...
[INFO] ------------------------------------------------------------------------
[INFO] Reactor Build Order:
[INFO] 
[INFO] Artifacts Service
[INFO] Artifacts Common Library
[INFO] Artifacts Config
[INFO] Artifacts Converter Library
[INFO] Artifacts Public DTO Library
[INFO] Artifacts DynamoDB
[INFO] Artifacts Rest Interface
[INFO] Artifacts Business
[INFO] Artifacts REST
[INFO] Artifacts Service
[INFO]                                                                         
[INFO] ------------------------------------------------------------------------
[INFO] Building Artifacts Service 1.0.16-SNAPSHOT
[INFO] ------------------------------------------------------------------------
[INFO] 
[INFO] --- maven-clean-plugin:2.4.1:clean (default-clean) @ artifacts-parent ---
[INFO] 
[INFO] --- maven-clover2-plugin:3.2.2:check (default) @ artifacts-parent ---
[INFO] No Clover database found, skipping test coverage verification
[INFO] 
[INFO] --- maven-install-plugin:2.3.1:install (default-install) @ artifacts-parent ---
[INFO] Installing /cgdo/data/hudslave/workspace/CTG-DO-artifacts-service-ci/pom.xml to /home/bldslave/.m2/repository/com/intuit/cg/devops/artifacts/artifacts-parent/1.0.16-SNAPSHOT/artifacts-parent-1.0.16-SNAPSHOT.pom
[INFO] 
[INFO] --- maven-deploy-plugin:2.7:deploy (default-deploy) @ artifacts-parent ---
Downloading: http://sdgctgdevrepo.corp.intuit.net/nexus/content/repositories/ENG.CTG.Intuit-Snapshots/com/intuit/cg/devops/artifacts/artifacts-parent/1.0.16-SNAPSHOT/maven-metadata.xml
Uploading: http://sdgctgdevrepo.corp.intuit.net/nexus/content/repositories/ENG.CTG.Intuit-Snapshots/com/intuit/cg/devops/artifacts/artifacts-parent/1.0.16-SNAPSHOT/artifacts-parent-1.0.16-20160314.200914-1.pom
Uploaded: http://sdgctgdevrepo.corp.intuit.net/nexus/content/repositories/ENG.CTG.Intuit-Snapshots/com/intuit/cg/devops/artifacts/artifacts-parent/1.0.16-SNAPSHOT/artifacts-parent-1.0.16-20160314.200914-1.pom (19 KB at 13.5 KB/sec)
Downloading: http://sdgctgdevrepo.corp.intuit.net/nexus/content/repositories/ENG.CTG.Intuit-Snapshots/com/intuit/cg/devops/artifacts/artifacts-parent/maven-metadata.xml
Downloaded: http://sdgctgdevrepo.corp.intuit.net/nexus/content/repositories/ENG.CTG.Intuit-Snapshots/com/intuit/cg/devops/artifacts/artifacts-parent/maven-metadata.xml (933 B at 1.5 KB/sec)
Uploading: http://sdgctgdevrepo.corp.intuit.net/nexus/content/repositories/ENG.CTG.Intuit-Snapshots/com/intuit/cg/devops/artifacts/artifacts-parent/1.0.16-SNAPSHOT/maven-metadata.xml
Uploaded: http://sdgctgdevrepo.corp.intuit.net/nexus/content/repositories/ENG.CTG.Intuit-Snapshots/com/intuit/cg/devops/artifacts/artifacts-parent/1.0.16-SNAPSHOT/maven-metadata.xml (625 B at 0.9 KB/sec)
Uploading: http://sdgctgdevrepo.corp.intuit.net/nexus/content/repositories/ENG.CTG.Intuit-Snapshots/com/intuit/cg/devops/artifacts/artifacts-parent/maven-metadata.xml
Uploaded: http://sdgctgdevrepo.corp.intuit.net/nexus/content/repositories/ENG.CTG.Intuit-Snapshots/com/intuit/cg/devops/artifacts/artifacts-parent/maven-metadata.xml (974 B at 0.5 KB/sec)
[INFO]                                                                         
[INFO] ------------------------------------------------------------------------
[INFO] Building Artifacts Common Library 1.0.16-SNAPSHOT
[INFO] ------------------------------------------------------------------------
[INFO] 
[INFO] --- maven-clean-plugin:2.4.1:clean (default-clean) @ artifacts-common ---
[INFO] 
[INFO] --- maven-resources-plugin:2.5:resources (default-resources) @ artifacts-common ---
[debug] execute contextualize
[INFO] Using 'UTF-8' encoding to copy filtered resources.
[INFO] Copying 0 resource
[INFO] Copying 1 resource
[INFO] 
[INFO] --- maven-compiler-plugin:2.3.2:compile (default-compile) @ artifacts-common ---
[INFO] Compiling 22 source files to /cgdo/data/hudslave/workspace/CTG-DO-artifacts-service-ci/artifacts-common/target/classes
[INFO] 
[INFO] --- maven-compiler-plugin:2.3.2:compile (add-source) @ artifacts-common ---
[INFO] Nothing to compile - all classes are up to date
[INFO] 
[INFO] --- maven-resources-plugin:2.5:testResources (default-testResources) @ artifacts-common ---
[debug] execute contextualize
[INFO] Using 'UTF-8' encoding to copy filtered resources.
[INFO] skip non existing resourceDirectory /cgdo/data/hudslave/workspace/CTG-DO-artifacts-service-ci/artifacts-common/src/test/resources
[INFO] 
[INFO] --- maven-compiler-plugin:2.3.2:testCompile (default-testCompile) @ artifacts-common ---
[INFO] Compiling 11 source files to /cgdo/data/hudslave/workspace/CTG-DO-artifacts-service-ci/artifacts-common/target/test-classes
[INFO] 
[INFO] --- maven-surefire-plugin:2.11:test (default-test) @ artifacts-common ---
[INFO] Surefire report directory: /cgdo/data/hudslave/workspace/CTG-DO-artifacts-service-ci/artifacts-common/target/surefire-reports

-------------------------------------------------------
 T E S T S
-------------------------------------------------------

-------------------------------------------------------
 T E S T S
-------------------------------------------------------
Running com.intuit.cg.devops.artifacts.common.dto.ArtifactDefinitionTest
Tests run: 4, Failures: 0, Errors: 0, Skipped: 0, Time elapsed: 0.062 sec
Running com.intuit.cg.devops.artifacts.common.dto.ArtifactTest
Tests run: 4, Failures: 0, Errors: 0, Skipped: 0, Time elapsed: 0.058 sec
Running com.intuit.cg.devops.artifacts.common.utils.ResourcesTest
Tests run: 1, Failures: 0, Errors: 0, Skipped: 0, Time elapsed: 0.181 sec
Running com.intuit.cg.devops.artifacts.common.exceptions.DynamoDALExceptionTest
Tests run: 1, Failures: 0, Errors: 0, Skipped: 0, Time elapsed: 0.049 sec
Running com.intuit.cg.devops.artifacts.common.exceptions.ArtifactDALExceptionTest
Tests run: 1, Failures: 0, Errors: 0, Skipped: 0, Time elapsed: 0.052 sec
Running com.intuit.cg.devops.artifacts.common.exceptions.NotFoundExceptionTest
Tests run: 1, Failures: 0, Errors: 0, Skipped: 0, Time elapsed: 0.05 sec
Running com.intuit.cg.devops.artifacts.common.exceptions.ArtifactDataManagerExceptionTest
Tests run: 1, Failures: 0, Errors: 0, Skipped: 0, Time elapsed: 0.055 sec
Running com.intuit.cg.devops.artifacts.common.exceptions.ArtifactControllerExceptionTest
Tests run: 2, Failures: 0, Errors: 0, Skipped: 0, Time elapsed: 0.053 sec
Running com.intuit.cg.devops.artifacts.common.exceptions.UnauthorizedExceptionTest
Tests run: 1, Failures: 0, Errors: 0, Skipped: 0, Time elapsed: 0.051 sec
Running com.intuit.cg.devops.artifacts.common.exceptions.ArtifactRestExceptionTest
Tests run: 1, Failures: 0, Errors: 0, Skipped: 0, Time elapsed: 0.048 sec
Running com.intuit.cg.devops.artifacts.common.exceptions.ValidationExceptionTest
Tests run: 1, Failures: 0, Errors: 0, Skipped: 0, Time elapsed: 0.048 sec

Results :

Tests run: 18, Failures: 0, Errors: 0, Skipped: 0

[INFO] 
[INFO] --- maven-jar-plugin:2.3.2:jar (default-jar) @ artifacts-common ---
[INFO] Building jar: /cgdo/data/hudslave/workspace/CTG-DO-artifacts-service-ci/artifacts-common/target/artifacts-common-1.0.16-SNAPSHOT.jar
[INFO] 
[INFO] --- maven-clover2-plugin:3.2.2:check (default) @ artifacts-common ---
[INFO] No Clover database found, skipping test coverage verification
[INFO] 
[INFO] --- maven-install-plugin:2.3.1:install (default-install) @ artifacts-common ---
[INFO] Installing /cgdo/data/hudslave/workspace/CTG-DO-artifacts-service-ci/artifacts-common/target/artifacts-common-1.0.16-SNAPSHOT.jar to /home/bldslave/.m2/repository/com/intuit/cg/devops/artifacts/artifacts-common/1.0.16-SNAPSHOT/artifacts-common-1.0.16-SNAPSHOT.jar
[INFO] Installing /cgdo/data/hudslave/workspace/CTG-DO-artifacts-service-ci/artifacts-common/pom.xml to /home/bldslave/.m2/repository/com/intuit/cg/devops/artifacts/artifacts-common/1.0.16-SNAPSHOT/artifacts-common-1.0.16-SNAPSHOT.pom
[INFO] 
[INFO] --- maven-deploy-plugin:2.7:deploy (default-deploy) @ artifacts-common ---
Downloading: http://sdgctgdevrepo.corp.intuit.net/nexus/content/repositories/ENG.CTG.Intuit-Snapshots/com/intuit/cg/devops/artifacts/artifacts-common/1.0.16-SNAPSHOT/maven-metadata.xml
Uploading: http://sdgctgdevrepo.corp.intuit.net/nexus/content/repositories/ENG.CTG.Intuit-Snapshots/com/intuit/cg/devops/artifacts/artifacts-common/1.0.16-SNAPSHOT/artifacts-common-1.0.16-20160314.200923-1.jar
Uploaded: http://sdgctgdevrepo.corp.intuit.net/nexus/content/repositories/ENG.CTG.Intuit-Snapshots/com/intuit/cg/devops/artifacts/artifacts-common/1.0.16-SNAPSHOT/artifacts-common-1.0.16-20160314.200923-1.jar (25 KB at 24.8 KB/sec)
Uploading: http://sdgctgdevrepo.corp.intuit.net/nexus/content/repositories/ENG.CTG.Intuit-Snapshots/com/intuit/cg/devops/artifacts/artifacts-common/1.0.16-SNAPSHOT/artifacts-common-1.0.16-20160314.200923-1.pom
Uploaded: http://sdgctgdevrepo.corp.intuit.net/nexus/content/repositories/ENG.CTG.Intuit-Snapshots/com/intuit/cg/devops/artifacts/artifacts-common/1.0.16-SNAPSHOT/artifacts-common-1.0.16-20160314.200923-1.pom (4 KB at 5.4 KB/sec)
Downloading: http://sdgctgdevrepo.corp.intuit.net/nexus/content/repositories/ENG.CTG.Intuit-Snapshots/com/intuit/cg/devops/artifacts/artifacts-common/maven-metadata.xml
Downloaded: http://sdgctgdevrepo.corp.intuit.net/nexus/content/repositories/ENG.CTG.Intuit-Snapshots/com/intuit/cg/devops/artifacts/artifacts-common/maven-metadata.xml (933 B at 3.3 KB/sec)
Uploading: http://sdgctgdevrepo.corp.intuit.net/nexus/content/repositories/ENG.CTG.Intuit-Snapshots/com/intuit/cg/devops/artifacts/artifacts-common/1.0.16-SNAPSHOT/maven-metadata.xml
Uploaded: http://sdgctgdevrepo.corp.intuit.net/nexus/content/repositories/ENG.CTG.Intuit-Snapshots/com/intuit/cg/devops/artifacts/artifacts-common/1.0.16-SNAPSHOT/maven-metadata.xml (799 B at 1.5 KB/sec)
Uploading: http://sdgctgdevrepo.corp.intuit.net/nexus/content/repositories/ENG.CTG.Intuit-Snapshots/com/intuit/cg/devops/artifacts/artifacts-common/maven-metadata.xml
Uploaded: http://sdgctgdevrepo.corp.intuit.net/nexus/content/repositories/ENG.CTG.Intuit-Snapshots/com/intuit/cg/devops/artifacts/artifacts-common/maven-metadata.xml (974 B at 1.0 KB/sec)
[INFO]                                                                         
[INFO] ------------------------------------------------------------------------
[INFO] Building Artifacts Config 1.0.16-SNAPSHOT
[INFO] ------------------------------------------------------------------------
[INFO] 
[INFO] --- maven-clean-plugin:2.4.1:clean (default-clean) @ artifacts-config ---
[INFO] 
[INFO] --- maven-assembly-plugin:2.2-beta-5:single (create-bundle) @ artifacts-config ---
[INFO] Reading assembly descriptor: src/main/assembly/assembly.xml
[INFO] Building zip: /cgdo/data/hudslave/workspace/CTG-DO-artifacts-service-ci/artifacts-config/target/artifacts-config-1.0.16-SNAPSHOT.zip
[INFO] 
[INFO] --- maven-clover2-plugin:3.2.2:check (default) @ artifacts-config ---
[INFO] No Clover database found, skipping test coverage verification
[INFO] 
[INFO] --- maven-install-plugin:2.3.1:install (default-install) @ artifacts-config ---
[INFO] Installing /cgdo/data/hudslave/workspace/CTG-DO-artifacts-service-ci/artifacts-config/pom.xml to /home/bldslave/.m2/repository/com/intuit/cg/devops/artifacts/artifacts-config/1.0.16-SNAPSHOT/artifacts-config-1.0.16-SNAPSHOT.pom
[INFO] Installing /cgdo/data/hudslave/workspace/CTG-DO-artifacts-service-ci/artifacts-config/target/artifacts-config-1.0.16-SNAPSHOT.zip to /home/bldslave/.m2/repository/com/intuit/cg/devops/artifacts/artifacts-config/1.0.16-SNAPSHOT/artifacts-config-1.0.16-SNAPSHOT.zip
[INFO] 
[INFO] --- maven-deploy-plugin:2.7:deploy (default-deploy) @ artifacts-config ---
Downloading: http://sdgctgdevrepo.corp.intuit.net/nexus/content/repositories/ENG.CTG.Intuit-Snapshots/com/intuit/cg/devops/artifacts/artifacts-config/1.0.16-SNAPSHOT/maven-metadata.xml
Uploading: http://sdgctgdevrepo.corp.intuit.net/nexus/content/repositories/ENG.CTG.Intuit-Snapshots/com/intuit/cg/devops/artifacts/artifacts-config/1.0.16-SNAPSHOT/artifacts-config-1.0.16-20160314.200927-1.pom
Uploaded: http://sdgctgdevrepo.corp.intuit.net/nexus/content/repositories/ENG.CTG.Intuit-Snapshots/com/intuit/cg/devops/artifacts/artifacts-config/1.0.16-SNAPSHOT/artifacts-config-1.0.16-20160314.200927-1.pom (2 KB at 1.3 KB/sec)
Downloading: http://sdgctgdevrepo.corp.intuit.net/nexus/content/repositories/ENG.CTG.Intuit-Snapshots/com/intuit/cg/devops/artifacts/artifacts-config/maven-metadata.xml
Downloaded: http://sdgctgdevrepo.corp.intuit.net/nexus/content/repositories/ENG.CTG.Intuit-Snapshots/com/intuit/cg/devops/artifacts/artifacts-config/maven-metadata.xml (933 B at 0.8 KB/sec)
Uploading: http://sdgctgdevrepo.corp.intuit.net/nexus/content/repositories/ENG.CTG.Intuit-Snapshots/com/intuit/cg/devops/artifacts/artifacts-config/1.0.16-SNAPSHOT/maven-metadata.xml
Uploaded: http://sdgctgdevrepo.corp.intuit.net/nexus/content/repositories/ENG.CTG.Intuit-Snapshots/com/intuit/cg/devops/artifacts/artifacts-config/1.0.16-SNAPSHOT/maven-metadata.xml (625 B at 0.7 KB/sec)
Uploading: http://sdgctgdevrepo.corp.intuit.net/nexus/content/repositories/ENG.CTG.Intuit-Snapshots/com/intuit/cg/devops/artifacts/artifacts-config/maven-metadata.xml
Uploaded: http://sdgctgdevrepo.corp.intuit.net/nexus/content/repositories/ENG.CTG.Intuit-Snapshots/com/intuit/cg/devops/artifacts/artifacts-config/maven-metadata.xml (974 B at 0.9 KB/sec)
Uploading: http://sdgctgdevrepo.corp.intuit.net/nexus/content/repositories/ENG.CTG.Intuit-Snapshots/com/intuit/cg/devops/artifacts/artifacts-config/1.0.16-SNAPSHOT/artifacts-config-1.0.16-20160314.200927-1.zip
Uploaded: http://sdgctgdevrepo.corp.intuit.net/nexus/content/repositories/ENG.CTG.Intuit-Snapshots/com/intuit/cg/devops/artifacts/artifacts-config/1.0.16-SNAPSHOT/artifacts-config-1.0.16-20160314.200927-1.zip (17 KB at 20.6 KB/sec)
Uploading: http://sdgctgdevrepo.corp.intuit.net/nexus/content/repositories/ENG.CTG.Intuit-Snapshots/com/intuit/cg/devops/artifacts/artifacts-config/1.0.16-SNAPSHOT/maven-metadata.xml
Uploaded: http://sdgctgdevrepo.corp.intuit.net/nexus/content/repositories/ENG.CTG.Intuit-Snapshots/com/intuit/cg/devops/artifacts/artifacts-config/1.0.16-SNAPSHOT/maven-metadata.xml (799 B at 1.5 KB/sec)
[INFO]                                                                         
[INFO] ------------------------------------------------------------------------
[INFO] Building Artifacts Converter Library 1.0.16-SNAPSHOT
[INFO] ------------------------------------------------------------------------
[INFO] 
[INFO] --- maven-clean-plugin:2.4.1:clean (default-clean) @ artifacts-converter ---
[INFO] 
[INFO] --- maven-resources-plugin:2.5:resources (default-resources) @ artifacts-converter ---
[debug] execute contextualize
[INFO] Using 'UTF-8' encoding to copy filtered resources.
[INFO] Copying 3 resources
[INFO] 
[INFO] --- maven-compiler-plugin:2.3.2:compile (default-compile) @ artifacts-converter ---
[INFO] Compiling 3 source files to /cgdo/data/hudslave/workspace/CTG-DO-artifacts-service-ci/artifacts-converter/target/classes
[INFO] 
[INFO] --- maven-resources-plugin:2.5:testResources (default-testResources) @ artifacts-converter ---
[debug] execute contextualize
[INFO] Using 'UTF-8' encoding to copy filtered resources.
[INFO] skip non existing resourceDirectory /cgdo/data/hudslave/workspace/CTG-DO-artifacts-service-ci/artifacts-converter/src/test/resources
[INFO] 
[INFO] --- maven-compiler-plugin:2.3.2:testCompile (default-testCompile) @ artifacts-converter ---
[INFO] Compiling 2 source files to /cgdo/data/hudslave/workspace/CTG-DO-artifacts-service-ci/artifacts-converter/target/test-classes
[INFO] 
[INFO] --- maven-surefire-plugin:2.11:test (default-test) @ artifacts-converter ---
[INFO] Surefire report directory: /cgdo/data/hudslave/workspace/CTG-DO-artifacts-service-ci/artifacts-converter/target/surefire-reports

-------------------------------------------------------
 T E S T S
-------------------------------------------------------
Running com.intuit.cg.devops.artifacts.converters.utils.ResourcesTest
log4j:WARN No appenders could be found for logger (org.dozer.config.GlobalSettings).
log4j:WARN Please initialize the log4j system properly.
log4j:WARN See http://logging.apache.org/log4j/1.2/faq.html#noconfig for more info.
Tests run: 1, Failures: 0, Errors: 0, Skipped: 0, Time elapsed: 0.129 sec
Running com.intuit.cg.devops.artifacts.converters.exceptions.BeanConverterExceptionTest
Tests run: 1, Failures: 0, Errors: 0, Skipped: 0, Time elapsed: 0.006 sec

Results :

Tests run: 2, Failures: 0, Errors: 0, Skipped: 0

[INFO] 
[INFO] --- maven-jar-plugin:2.3.2:jar (default-jar) @ artifacts-converter ---
[INFO] Building jar: /cgdo/data/hudslave/workspace/CTG-DO-artifacts-service-ci/artifacts-converter/target/artifacts-converter-1.0.16-SNAPSHOT.jar
[INFO] 
[INFO] --- maven-clover2-plugin:3.2.2:check (default) @ artifacts-converter ---
[INFO] No Clover database found, skipping test coverage verification
[INFO] 
[INFO] --- maven-install-plugin:2.3.1:install (default-install) @ artifacts-converter ---
[INFO] Installing /cgdo/data/hudslave/workspace/CTG-DO-artifacts-service-ci/artifacts-converter/target/artifacts-converter-1.0.16-SNAPSHOT.jar to /home/bldslave/.m2/repository/com/intuit/cg/devops/artifacts/artifacts-converter/1.0.16-SNAPSHOT/artifacts-converter-1.0.16-SNAPSHOT.jar
[INFO] Installing /cgdo/data/hudslave/workspace/CTG-DO-artifacts-service-ci/artifacts-converter/pom.xml to /home/bldslave/.m2/repository/com/intuit/cg/devops/artifacts/artifacts-converter/1.0.16-SNAPSHOT/artifacts-converter-1.0.16-SNAPSHOT.pom
[INFO] 
[INFO] --- maven-deploy-plugin:2.7:deploy (default-deploy) @ artifacts-converter ---
Downloading: http://sdgctgdevrepo.corp.intuit.net/nexus/content/repositories/ENG.CTG.Intuit-Snapshots/com/intuit/cg/devops/artifacts/artifacts-converter/1.0.16-SNAPSHOT/maven-metadata.xml
Uploading: http://sdgctgdevrepo.corp.intuit.net/nexus/content/repositories/ENG.CTG.Intuit-Snapshots/com/intuit/cg/devops/artifacts/artifacts-converter/1.0.16-SNAPSHOT/artifacts-converter-1.0.16-20160314.200934-1.jar
Uploaded: http://sdgctgdevrepo.corp.intuit.net/nexus/content/repositories/ENG.CTG.Intuit-Snapshots/com/intuit/cg/devops/artifacts/artifacts-converter/1.0.16-SNAPSHOT/artifacts-converter-1.0.16-20160314.200934-1.jar (9 KB at 5.3 KB/sec)
Uploading: http://sdgctgdevrepo.corp.intuit.net/nexus/content/repositories/ENG.CTG.Intuit-Snapshots/com/intuit/cg/devops/artifacts/artifacts-converter/1.0.16-SNAPSHOT/artifacts-converter-1.0.16-20160314.200934-1.pom
Uploaded: http://sdgctgdevrepo.corp.intuit.net/nexus/content/repositories/ENG.CTG.Intuit-Snapshots/com/intuit/cg/devops/artifacts/artifacts-converter/1.0.16-SNAPSHOT/artifacts-converter-1.0.16-20160314.200934-1.pom (2 KB at 1.2 KB/sec)
Downloading: http://sdgctgdevrepo.corp.intuit.net/nexus/content/repositories/ENG.CTG.Intuit-Snapshots/com/intuit/cg/devops/artifacts/artifacts-converter/maven-metadata.xml
Downloaded: http://sdgctgdevrepo.corp.intuit.net/nexus/content/repositories/ENG.CTG.Intuit-Snapshots/com/intuit/cg/devops/artifacts/artifacts-converter/maven-metadata.xml (936 B at 1.2 KB/sec)
Uploading: http://sdgctgdevrepo.corp.intuit.net/nexus/content/repositories/ENG.CTG.Intuit-Snapshots/com/intuit/cg/devops/artifacts/artifacts-converter/1.0.16-SNAPSHOT/maven-metadata.xml
Uploaded: http://sdgctgdevrepo.corp.intuit.net/nexus/content/repositories/ENG.CTG.Intuit-Snapshots/com/intuit/cg/devops/artifacts/artifacts-converter/1.0.16-SNAPSHOT/maven-metadata.xml (802 B at 0.5 KB/sec)
Uploading: http://sdgctgdevrepo.corp.intuit.net/nexus/content/repositories/ENG.CTG.Intuit-Snapshots/com/intuit/cg/devops/artifacts/artifacts-converter/maven-metadata.xml
Uploaded: http://sdgctgdevrepo.corp.intuit.net/nexus/content/repositories/ENG.CTG.Intuit-Snapshots/com/intuit/cg/devops/artifacts/artifacts-converter/maven-metadata.xml (977 B at 0.7 KB/sec)
[INFO]                                                                         
[INFO] ------------------------------------------------------------------------
[INFO] Building Artifacts Public DTO Library 1.0.16-SNAPSHOT
[INFO] ------------------------------------------------------------------------
[INFO] 
[INFO] --- maven-clean-plugin:2.4.1:clean (default-clean) @ artifacts-dto-public ---
[INFO] 
[INFO] --- maven-resources-plugin:2.5:resources (default-resources) @ artifacts-dto-public ---
[debug] execute contextualize
[INFO] Using 'UTF-8' encoding to copy filtered resources.
[INFO] skip non existing resourceDirectory /cgdo/data/hudslave/workspace/CTG-DO-artifacts-service-ci/artifacts-dto-public/src/main/resources
[INFO] 
[INFO] --- maven-compiler-plugin:2.3.2:compile (default-compile) @ artifacts-dto-public ---
[INFO] Compiling 4 source files to /cgdo/data/hudslave/workspace/CTG-DO-artifacts-service-ci/artifacts-dto-public/target/classes
[INFO] 
[INFO] --- maven-resources-plugin:2.5:testResources (default-testResources) @ artifacts-dto-public ---
[debug] execute contextualize
[INFO] Using 'UTF-8' encoding to copy filtered resources.
[INFO] skip non existing resourceDirectory /cgdo/data/hudslave/workspace/CTG-DO-artifacts-service-ci/artifacts-dto-public/src/test/resources
[INFO] 
[INFO] --- maven-compiler-plugin:2.3.2:testCompile (default-testCompile) @ artifacts-dto-public ---
[INFO] Compiling 2 source files to /cgdo/data/hudslave/workspace/CTG-DO-artifacts-service-ci/artifacts-dto-public/target/test-classes
[INFO] 
[INFO] --- maven-surefire-plugin:2.11:test (default-test) @ artifacts-dto-public ---
[INFO] Surefire report directory: /cgdo/data/hudslave/workspace/CTG-DO-artifacts-service-ci/artifacts-dto-public/target/surefire-reports

-------------------------------------------------------
 T E S T S
-------------------------------------------------------
Running com.intuit.cg.devops.artifacts.external.dto.ArtifactDefinitionTest
Tests run: 4, Failures: 0, Errors: 0, Skipped: 0, Time elapsed: 0.048 sec
Running com.intuit.cg.devops.artifacts.external.dto.ArtifactTest
Tests run: 4, Failures: 0, Errors: 0, Skipped: 0, Time elapsed: 0.003 sec

Results :

Tests run: 8, Failures: 0, Errors: 0, Skipped: 0

[INFO] 
[INFO] --- maven-jar-plugin:2.3.2:jar (default-jar) @ artifacts-dto-public ---
[INFO] Building jar: /cgdo/data/hudslave/workspace/CTG-DO-artifacts-service-ci/artifacts-dto-public/target/artifacts-dto-public-1.0.16-SNAPSHOT.jar
[INFO] 
[INFO] --- maven-clover2-plugin:3.2.2:check (default) @ artifacts-dto-public ---
[INFO] No Clover database found, skipping test coverage verification
[INFO] 
[INFO] --- maven-install-plugin:2.3.1:install (default-install) @ artifacts-dto-public ---
[INFO] Installing /cgdo/data/hudslave/workspace/CTG-DO-artifacts-service-ci/artifacts-dto-public/target/artifacts-dto-public-1.0.16-SNAPSHOT.jar to /home/bldslave/.m2/repository/com/intuit/cg/devops/artifacts/artifacts-dto-public/1.0.16-SNAPSHOT/artifacts-dto-public-1.0.16-SNAPSHOT.jar
[INFO] Installing /cgdo/data/hudslave/workspace/CTG-DO-artifacts-service-ci/artifacts-dto-public/pom.xml to /home/bldslave/.m2/repository/com/intuit/cg/devops/artifacts/artifacts-dto-public/1.0.16-SNAPSHOT/artifacts-dto-public-1.0.16-SNAPSHOT.pom
[INFO] 
[INFO] --- maven-deploy-plugin:2.7:deploy (default-deploy) @ artifacts-dto-public ---
Downloading: http://sdgctgdevrepo.corp.intuit.net/nexus/content/repositories/ENG.CTG.Intuit-Snapshots/com/intuit/cg/devops/artifacts/artifacts-dto-public/1.0.16-SNAPSHOT/maven-metadata.xml
Uploading: http://sdgctgdevrepo.corp.intuit.net/nexus/content/repositories/ENG.CTG.Intuit-Snapshots/com/intuit/cg/devops/artifacts/artifacts-dto-public/1.0.16-SNAPSHOT/artifacts-dto-public-1.0.16-20160314.200941-1.jar
Uploaded: http://sdgctgdevrepo.corp.intuit.net/nexus/content/repositories/ENG.CTG.Intuit-Snapshots/com/intuit/cg/devops/artifacts/artifacts-dto-public/1.0.16-SNAPSHOT/artifacts-dto-public-1.0.16-20160314.200941-1.jar (9 KB at 7.4 KB/sec)
Uploading: http://sdgctgdevrepo.corp.intuit.net/nexus/content/repositories/ENG.CTG.Intuit-Snapshots/com/intuit/cg/devops/artifacts/artifacts-dto-public/1.0.16-SNAPSHOT/artifacts-dto-public-1.0.16-20160314.200941-1.pom
Uploaded: http://sdgctgdevrepo.corp.intuit.net/nexus/content/repositories/ENG.CTG.Intuit-Snapshots/com/intuit/cg/devops/artifacts/artifacts-dto-public/1.0.16-SNAPSHOT/artifacts-dto-public-1.0.16-20160314.200941-1.pom (954 B at 0.9 KB/sec)
Downloading: http://sdgctgdevrepo.corp.intuit.net/nexus/content/repositories/ENG.CTG.Intuit-Snapshots/com/intuit/cg/devops/artifacts/artifacts-dto-public/maven-metadata.xml
Downloaded: http://sdgctgdevrepo.corp.intuit.net/nexus/content/repositories/ENG.CTG.Intuit-Snapshots/com/intuit/cg/devops/artifacts/artifacts-dto-public/maven-metadata.xml (937 B at 2.5 KB/sec)
Uploading: http://sdgctgdevrepo.corp.intuit.net/nexus/content/repositories/ENG.CTG.Intuit-Snapshots/com/intuit/cg/devops/artifacts/artifacts-dto-public/1.0.16-SNAPSHOT/maven-metadata.xml
Uploaded: http://sdgctgdevrepo.corp.intuit.net/nexus/content/repositories/ENG.CTG.Intuit-Snapshots/com/intuit/cg/devops/artifacts/artifacts-dto-public/1.0.16-SNAPSHOT/maven-metadata.xml (803 B at 1.1 KB/sec)
Uploading: http://sdgctgdevrepo.corp.intuit.net/nexus/content/repositories/ENG.CTG.Intuit-Snapshots/com/intuit/cg/devops/artifacts/artifacts-dto-public/maven-metadata.xml
Uploaded: http://sdgctgdevrepo.corp.intuit.net/nexus/content/repositories/ENG.CTG.Intuit-Snapshots/com/intuit/cg/devops/artifacts/artifacts-dto-public/maven-metadata.xml (978 B at 1.2 KB/sec)
[INFO]                                                                         
[INFO] ------------------------------------------------------------------------
[INFO] Building Artifacts DynamoDB 1.0.16-SNAPSHOT
[INFO] ------------------------------------------------------------------------
[INFO] 
[INFO] --- maven-clean-plugin:2.4.1:clean (default-clean) @ artifacts-dynamodb ---
[INFO] 
[INFO] --- maven-resources-plugin:2.5:resources (default-resources) @ artifacts-dynamodb ---
[debug] execute contextualize
[INFO] Using 'UTF-8' encoding to copy filtered resources.
[INFO] Copying 0 resource
[INFO] Copying 1 resource
[INFO] 
[INFO] --- maven-compiler-plugin:2.3.2:compile (default-compile) @ artifacts-dynamodb ---
[INFO] Compiling 5 source files to /cgdo/data/hudslave/workspace/CTG-DO-artifacts-service-ci/artifacts-dynamodb/target/classes
[INFO] 
[INFO] --- maven-compiler-plugin:2.3.2:compile (add-source) @ artifacts-dynamodb ---
[INFO] Nothing to compile - all classes are up to date
[INFO] 
[INFO] --- maven-resources-plugin:2.5:testResources (default-testResources) @ artifacts-dynamodb ---
[debug] execute contextualize
[INFO] Using 'UTF-8' encoding to copy filtered resources.
[INFO] skip non existing resourceDirectory /cgdo/data/hudslave/workspace/CTG-DO-artifacts-service-ci/artifacts-dynamodb/src/test/resources
[INFO] 
[INFO] --- maven-compiler-plugin:2.3.2:testCompile (default-testCompile) @ artifacts-dynamodb ---
[INFO] Compiling 3 source files to /cgdo/data/hudslave/workspace/CTG-DO-artifacts-service-ci/artifacts-dynamodb/target/test-classes
[INFO] 
[INFO] --- maven-surefire-plugin:2.11:test (default-test) @ artifacts-dynamodb ---
[INFO] Surefire report directory: /cgdo/data/hudslave/workspace/CTG-DO-artifacts-service-ci/artifacts-dynamodb/target/surefire-reports

-------------------------------------------------------
 T E S T S
-------------------------------------------------------

-------------------------------------------------------
 T E S T S
-------------------------------------------------------
Running com.intuit.cg.devops.dynamodb.DynamoDBTableMakerTest
log4j:WARN No appenders could be found for logger (com.intuit.cg.devops.dynamodb.DynamoDBTableMaker).
log4j:WARN Please initialize the log4j system properly.
log4j:WARN See http://logging.apache.org/log4j/1.2/faq.html#noconfig for more info.
Tests run: 2, Failures: 0, Errors: 0, Skipped: 0, Time elapsed: 0.194 sec
Running com.intuit.cg.devops.dynamodb.DynamoDALTest
log4j:WARN No appenders could be found for logger (com.amazonaws.AmazonWebServiceClient).
log4j:WARN Please initialize the log4j system properly.
log4j:WARN See http://logging.apache.org/log4j/1.2/faq.html#noconfig for more info.
Tests run: 27, Failures: 0, Errors: 0, Skipped: 0, Time elapsed: 1.497 sec
Running com.intuit.cg.devops.dynamodb.DynamoDBClientProviderTest
log4j:WARN No appenders could be found for logger (com.amazonaws.AmazonWebServiceClient).
log4j:WARN Please initialize the log4j system properly.
log4j:WARN See http://logging.apache.org/log4j/1.2/faq.html#noconfig for more info.
Tests run: 5, Failures: 0, Errors: 0, Skipped: 0, Time elapsed: 0.566 sec

Results :

Tests run: 34, Failures: 0, Errors: 0, Skipped: 0

[INFO] 
[INFO] --- maven-ejb-plugin:2.3:ejb (default-ejb) @ artifacts-dynamodb ---
[INFO] Building EJB artifacts-dynamodb-1.0.16-SNAPSHOT with EJB version 3.0
[INFO] Building jar: /cgdo/data/hudslave/workspace/CTG-DO-artifacts-service-ci/artifacts-dynamodb/target/artifacts-dynamodb-1.0.16-SNAPSHOT.jar
[INFO] 
[INFO] --- maven-clover2-plugin:3.2.2:check (default) @ artifacts-dynamodb ---
[INFO] No Clover database found, skipping test coverage verification
[INFO] 
[INFO] --- maven-install-plugin:2.3.1:install (default-install) @ artifacts-dynamodb ---
[INFO] Installing /cgdo/data/hudslave/workspace/CTG-DO-artifacts-service-ci/artifacts-dynamodb/target/artifacts-dynamodb-1.0.16-SNAPSHOT.jar to /home/bldslave/.m2/repository/com/intuit/cg/devops/artifacts/artifacts-dynamodb/1.0.16-SNAPSHOT/artifacts-dynamodb-1.0.16-SNAPSHOT.jar
[INFO] Installing /cgdo/data/hudslave/workspace/CTG-DO-artifacts-service-ci/artifacts-dynamodb/pom.xml to /home/bldslave/.m2/repository/com/intuit/cg/devops/artifacts/artifacts-dynamodb/1.0.16-SNAPSHOT/artifacts-dynamodb-1.0.16-SNAPSHOT.pom
[INFO] 
[INFO] --- maven-deploy-plugin:2.7:deploy (default-deploy) @ artifacts-dynamodb ---
Downloading: http://sdgctgdevrepo.corp.intuit.net/nexus/content/repositories/ENG.CTG.Intuit-Snapshots/com/intuit/cg/devops/artifacts/artifacts-dynamodb/1.0.16-SNAPSHOT/maven-metadata.xml
Uploading: http://sdgctgdevrepo.corp.intuit.net/nexus/content/repositories/ENG.CTG.Intuit-Snapshots/com/intuit/cg/devops/artifacts/artifacts-dynamodb/1.0.16-SNAPSHOT/artifacts-dynamodb-1.0.16-20160314.200950-1.jar
Uploaded: http://sdgctgdevrepo.corp.intuit.net/nexus/content/repositories/ENG.CTG.Intuit-Snapshots/com/intuit/cg/devops/artifacts/artifacts-dynamodb/1.0.16-SNAPSHOT/artifacts-dynamodb-1.0.16-20160314.200950-1.jar (17 KB at 9.2 KB/sec)
Uploading: http://sdgctgdevrepo.corp.intuit.net/nexus/content/repositories/ENG.CTG.Intuit-Snapshots/com/intuit/cg/devops/artifacts/artifacts-dynamodb/1.0.16-SNAPSHOT/artifacts-dynamodb-1.0.16-20160314.200950-1.pom
Uploaded: http://sdgctgdevrepo.corp.intuit.net/nexus/content/repositories/ENG.CTG.Intuit-Snapshots/com/intuit/cg/devops/artifacts/artifacts-dynamodb/1.0.16-SNAPSHOT/artifacts-dynamodb-1.0.16-20160314.200950-1.pom (5 KB at 6.4 KB/sec)
Downloading: http://sdgctgdevrepo.corp.intuit.net/nexus/content/repositories/ENG.CTG.Intuit-Snapshots/com/intuit/cg/devops/artifacts/artifacts-dynamodb/maven-metadata.xml
Downloaded: http://sdgctgdevrepo.corp.intuit.net/nexus/content/repositories/ENG.CTG.Intuit-Snapshots/com/intuit/cg/devops/artifacts/artifacts-dynamodb/maven-metadata.xml (935 B at 1.8 KB/sec)
Uploading: http://sdgctgdevrepo.corp.intuit.net/nexus/content/repositories/ENG.CTG.Intuit-Snapshots/com/intuit/cg/devops/artifacts/artifacts-dynamodb/1.0.16-SNAPSHOT/maven-metadata.xml
Uploaded: http://sdgctgdevrepo.corp.intuit.net/nexus/content/repositories/ENG.CTG.Intuit-Snapshots/com/intuit/cg/devops/artifacts/artifacts-dynamodb/1.0.16-SNAPSHOT/maven-metadata.xml (801 B at 0.9 KB/sec)
Uploading: http://sdgctgdevrepo.corp.intuit.net/nexus/content/repositories/ENG.CTG.Intuit-Snapshots/com/intuit/cg/devops/artifacts/artifacts-dynamodb/maven-metadata.xml
Uploaded: http://sdgctgdevrepo.corp.intuit.net/nexus/content/repositories/ENG.CTG.Intuit-Snapshots/com/intuit/cg/devops/artifacts/artifacts-dynamodb/maven-metadata.xml (976 B at 0.8 KB/sec)
[INFO]                                                                         
[INFO] ------------------------------------------------------------------------
[INFO] Building Artifacts Rest Interface 1.0.16-SNAPSHOT
[INFO] ------------------------------------------------------------------------
[INFO] 
[INFO] --- maven-clean-plugin:2.4.1:clean (default-clean) @ artifacts-rest-if ---
[INFO] 
[INFO] --- maven-resources-plugin:2.5:resources (default-resources) @ artifacts-rest-if ---
[debug] execute contextualize
[INFO] Using 'UTF-8' encoding to copy filtered resources.
[INFO] skip non existing resourceDirectory /cgdo/data/hudslave/workspace/CTG-DO-artifacts-service-ci/artifacts-rest-if/src/main/resources
[INFO] 
[INFO] --- maven-compiler-plugin:2.3.2:compile (default-compile) @ artifacts-rest-if ---
[INFO] Compiling 1 source file to /cgdo/data/hudslave/workspace/CTG-DO-artifacts-service-ci/artifacts-rest-if/target/classes
[INFO] 
[INFO] --- swagger-maven-plugin:2.2:generate (default) @ artifacts-rest-if ---
[WARNING] nothing to write.
[INFO] Creating file /cgdo/data/hudslave/workspace/CTG-DO-artifacts-service-ci/artifacts-rest-if/target/generated-apis/apidocs/service.json
[INFO] 
[INFO] --- maven-resources-plugin:2.5:testResources (default-testResources) @ artifacts-rest-if ---
[debug] execute contextualize
[INFO] Using 'UTF-8' encoding to copy filtered resources.
[INFO] skip non existing resourceDirectory /cgdo/data/hudslave/workspace/CTG-DO-artifacts-service-ci/artifacts-rest-if/src/test/resources
[INFO] 
[INFO] --- maven-compiler-plugin:2.3.2:testCompile (default-testCompile) @ artifacts-rest-if ---
[INFO] No sources to compile
[INFO] 
[INFO] --- maven-surefire-plugin:2.11:test (default-test) @ artifacts-rest-if ---
[INFO] No tests to run.
[INFO] Surefire report directory: /cgdo/data/hudslave/workspace/CTG-DO-artifacts-service-ci/artifacts-rest-if/target/surefire-reports

-------------------------------------------------------
 T E S T S
-------------------------------------------------------

Results :

Tests run: 0, Failures: 0, Errors: 0, Skipped: 0

[INFO] 
[INFO] --- maven-jar-plugin:2.3.2:jar (default-jar) @ artifacts-rest-if ---
[INFO] Building jar: /cgdo/data/hudslave/workspace/CTG-DO-artifacts-service-ci/artifacts-rest-if/target/artifacts-rest-if-1.0.16-SNAPSHOT.jar
[INFO] 
[INFO] --- maven-clover2-plugin:3.2.2:check (default) @ artifacts-rest-if ---
[INFO] No Clover database found, skipping test coverage verification
[INFO] 
[INFO] --- maven-install-plugin:2.3.1:install (default-install) @ artifacts-rest-if ---
[INFO] Installing /cgdo/data/hudslave/workspace/CTG-DO-artifacts-service-ci/artifacts-rest-if/target/artifacts-rest-if-1.0.16-SNAPSHOT.jar to /home/bldslave/.m2/repository/com/intuit/cg/devops/artifacts/artifacts-rest-if/1.0.16-SNAPSHOT/artifacts-rest-if-1.0.16-SNAPSHOT.jar
[INFO] Installing /cgdo/data/hudslave/workspace/CTG-DO-artifacts-service-ci/artifacts-rest-if/pom.xml to /home/bldslave/.m2/repository/com/intuit/cg/devops/artifacts/artifacts-rest-if/1.0.16-SNAPSHOT/artifacts-rest-if-1.0.16-SNAPSHOT.pom
[INFO] 
[INFO] --- maven-deploy-plugin:2.7:deploy (default-deploy) @ artifacts-rest-if ---
Downloading: http://sdgctgdevrepo.corp.intuit.net/nexus/content/repositories/ENG.CTG.Intuit-Snapshots/com/intuit/cg/devops/artifacts/artifacts-rest-if/1.0.16-SNAPSHOT/maven-metadata.xml
Uploading: http://sdgctgdevrepo.corp.intuit.net/nexus/content/repositories/ENG.CTG.Intuit-Snapshots/com/intuit/cg/devops/artifacts/artifacts-rest-if/1.0.16-SNAPSHOT/artifacts-rest-if-1.0.16-20160314.200956-1.jar
Uploaded: http://sdgctgdevrepo.corp.intuit.net/nexus/content/repositories/ENG.CTG.Intuit-Snapshots/com/intuit/cg/devops/artifacts/artifacts-rest-if/1.0.16-SNAPSHOT/artifacts-rest-if-1.0.16-20160314.200956-1.jar (6 KB at 3.7 KB/sec)
Uploading: http://sdgctgdevrepo.corp.intuit.net/nexus/content/repositories/ENG.CTG.Intuit-Snapshots/com/intuit/cg/devops/artifacts/artifacts-rest-if/1.0.16-SNAPSHOT/artifacts-rest-if-1.0.16-20160314.200956-1.pom
Uploaded: http://sdgctgdevrepo.corp.intuit.net/nexus/content/repositories/ENG.CTG.Intuit-Snapshots/com/intuit/cg/devops/artifacts/artifacts-rest-if/1.0.16-SNAPSHOT/artifacts-rest-if-1.0.16-20160314.200956-1.pom (4 KB at 1.8 KB/sec)
Downloading: http://sdgctgdevrepo.corp.intuit.net/nexus/content/repositories/ENG.CTG.Intuit-Snapshots/com/intuit/cg/devops/artifacts/artifacts-rest-if/maven-metadata.xml
Downloaded: http://sdgctgdevrepo.corp.intuit.net/nexus/content/repositories/ENG.CTG.Intuit-Snapshots/com/intuit/cg/devops/artifacts/artifacts-rest-if/maven-metadata.xml (934 B at 1.4 KB/sec)
Uploading: http://sdgctgdevrepo.corp.intuit.net/nexus/content/repositories/ENG.CTG.Intuit-Snapshots/com/intuit/cg/devops/artifacts/artifacts-rest-if/1.0.16-SNAPSHOT/maven-metadata.xml
Uploaded: http://sdgctgdevrepo.corp.intuit.net/nexus/content/repositories/ENG.CTG.Intuit-Snapshots/com/intuit/cg/devops/artifacts/artifacts-rest-if/1.0.16-SNAPSHOT/maven-metadata.xml (800 B at 0.8 KB/sec)
Uploading: http://sdgctgdevrepo.corp.intuit.net/nexus/content/repositories/ENG.CTG.Intuit-Snapshots/com/intuit/cg/devops/artifacts/artifacts-rest-if/maven-metadata.xml
Uploaded: http://sdgctgdevrepo.corp.intuit.net/nexus/content/repositories/ENG.CTG.Intuit-Snapshots/com/intuit/cg/devops/artifacts/artifacts-rest-if/maven-metadata.xml (975 B at 1.0 KB/sec)
[INFO]                                                                         
[INFO] ------------------------------------------------------------------------
[INFO] Building Artifacts Business 1.0.16-SNAPSHOT
[INFO] ------------------------------------------------------------------------
[INFO] 
[INFO] --- maven-clean-plugin:2.4.1:clean (default-clean) @ artifacts-business ---
[INFO] 
[INFO] --- maven-resources-plugin:2.5:resources (default-resources) @ artifacts-business ---
[debug] execute contextualize
[INFO] Using 'UTF-8' encoding to copy filtered resources.
[INFO] Copying 0 resource
[INFO] Copying 2 resources
[INFO] 
[INFO] --- maven-compiler-plugin:2.3.2:compile (default-compile) @ artifacts-business ---
[INFO] Compiling 9 source files to /cgdo/data/hudslave/workspace/CTG-DO-artifacts-service-ci/artifacts-business/target/classes
[INFO] 
[INFO] --- maven-compiler-plugin:2.3.2:compile (add-source) @ artifacts-business ---
[INFO] Nothing to compile - all classes are up to date
[INFO] 
[INFO] --- maven-resources-plugin:2.5:testResources (default-testResources) @ artifacts-business ---
[debug] execute contextualize
[INFO] Using 'UTF-8' encoding to copy filtered resources.
[INFO] skip non existing resourceDirectory /cgdo/data/hudslave/workspace/CTG-DO-artifacts-service-ci/artifacts-business/src/test/resources
[INFO] 
[INFO] --- maven-compiler-plugin:2.3.2:testCompile (default-testCompile) @ artifacts-business ---
[INFO] Compiling 9 source files to /cgdo/data/hudslave/workspace/CTG-DO-artifacts-service-ci/artifacts-business/target/test-classes
[INFO] 
[INFO] --- maven-surefire-plugin:2.11:test (default-test) @ artifacts-business ---
[INFO] Surefire report directory: /cgdo/data/hudslave/workspace/CTG-DO-artifacts-service-ci/artifacts-business/target/surefire-reports

-------------------------------------------------------
 T E S T S
-------------------------------------------------------

-------------------------------------------------------
 T E S T S
-------------------------------------------------------
Running com.intuit.cg.devops.artifacts.business.listeners.AddArtifactListenerTest
log4j:WARN No appenders could be found for logger (com.intuit.cg.devops.artifacts.business.listeners.AddArtifactListener).
log4j:WARN Please initialize the log4j system properly.
log4j:WARN See http://logging.apache.org/log4j/1.2/faq.html#noconfig for more info.
Tests run: 4, Failures: 0, Errors: 0, Skipped: 0, Time elapsed: 0.294 sec
Running com.intuit.cg.devops.artifacts.business.listeners.RemoveArtifactListenerTest
Tests run: 1, Failures: 0, Errors: 0, Skipped: 0, Time elapsed: 0.284 sec
Running com.intuit.cg.devops.artifacts.business.data.ArtifactDataManagerTest
log4j:WARN No appenders could be found for logger (org.dozer.config.GlobalSettings).
log4j:WARN Please initialize the log4j system properly.
log4j:WARN See http://logging.apache.org/log4j/1.2/faq.html#noconfig for more info.
Tests run: 20, Failures: 0, Errors: 0, Skipped: 0, Time elapsed: 0.528 sec
Running com.intuit.cg.devops.artifacts.business.data.TableInfoDataManagerTest
Tests run: 1, Failures: 0, Errors: 0, Skipped: 0, Time elapsed: 0.197 sec
Running com.intuit.cg.devops.artifacts.business.controllers.TopicControllerTest
Tests run: 3, Failures: 0, Errors: 0, Skipped: 0, Time elapsed: 0.201 sec
Running com.intuit.cg.devops.artifacts.business.controllers.TableInfoControllerTest
Tests run: 1, Failures: 0, Errors: 0, Skipped: 0, Time elapsed: 0.176 sec
Running com.intuit.cg.devops.artifacts.business.controllers.ArtifactControllerTest
log4j:WARN No appenders could be found for logger (org.dozer.config.GlobalSettings).
log4j:WARN Please initialize the log4j system properly.
log4j:WARN See http://logging.apache.org/log4j/1.2/faq.html#noconfig for more info.
Tests run: 28, Failures: 0, Errors: 0, Skipped: 0, Time elapsed: 0.711 sec
Running com.intuit.cg.devops.artifacts.business.websockets.ArtifactsJsonEncoderTest
Tests run: 3, Failures: 0, Errors: 0, Skipped: 0, Time elapsed: 0.337 sec
Running com.intuit.cg.devops.artifacts.business.websockets.ArtifactsEndpointTest
log4j:WARN No appenders could be found for logger (org.dozer.config.GlobalSettings).
log4j:WARN Please initialize the log4j system properly.
log4j:WARN See http://logging.apache.org/log4j/1.2/faq.html#noconfig for more info.
Broadcasting artifact...
Broadcasting artifact...
Tests run: 8, Failures: 0, Errors: 0, Skipped: 0, Time elapsed: 0.487 sec

Results :

Tests run: 69, Failures: 0, Errors: 0, Skipped: 0

[INFO] 
[INFO] --- maven-ejb-plugin:2.3:ejb (default-ejb) @ artifacts-business ---
[INFO] Building EJB artifacts-business-1.0.16-SNAPSHOT with EJB version 3.0
[INFO] Building jar: /cgdo/data/hudslave/workspace/CTG-DO-artifacts-service-ci/artifacts-business/target/artifacts-business-1.0.16-SNAPSHOT.jar
[INFO] 
[INFO] --- maven-clover2-plugin:3.2.2:check (default) @ artifacts-business ---
[INFO] No Clover database found, skipping test coverage verification
[INFO] 
[INFO] --- maven-install-plugin:2.3.1:install (default-install) @ artifacts-business ---
[INFO] Installing /cgdo/data/hudslave/workspace/CTG-DO-artifacts-service-ci/artifacts-business/target/artifacts-business-1.0.16-SNAPSHOT.jar to /home/bldslave/.m2/repository/com/intuit/cg/devops/artifacts/artifacts-business/1.0.16-SNAPSHOT/artifacts-business-1.0.16-SNAPSHOT.jar
[INFO] Installing /cgdo/data/hudslave/workspace/CTG-DO-artifacts-service-ci/artifacts-business/pom.xml to /home/bldslave/.m2/repository/com/intuit/cg/devops/artifacts/artifacts-business/1.0.16-SNAPSHOT/artifacts-business-1.0.16-SNAPSHOT.pom
[INFO] 
[INFO] --- maven-deploy-plugin:2.7:deploy (default-deploy) @ artifacts-business ---
Downloading: http://sdgctgdevrepo.corp.intuit.net/nexus/content/repositories/ENG.CTG.Intuit-Snapshots/com/intuit/cg/devops/artifacts/artifacts-business/1.0.16-SNAPSHOT/maven-metadata.xml
Uploading: http://sdgctgdevrepo.corp.intuit.net/nexus/content/repositories/ENG.CTG.Intuit-Snapshots/com/intuit/cg/devops/artifacts/artifacts-business/1.0.16-SNAPSHOT/artifacts-business-1.0.16-20160314.201009-1.jar
Uploaded: http://sdgctgdevrepo.corp.intuit.net/nexus/content/repositories/ENG.CTG.Intuit-Snapshots/com/intuit/cg/devops/artifacts/artifacts-business/1.0.16-SNAPSHOT/artifacts-business-1.0.16-20160314.201009-1.jar (23 KB at 10.3 KB/sec)
Uploading: http://sdgctgdevrepo.corp.intuit.net/nexus/content/repositories/ENG.CTG.Intuit-Snapshots/com/intuit/cg/devops/artifacts/artifacts-business/1.0.16-SNAPSHOT/artifacts-business-1.0.16-20160314.201009-1.pom
Uploaded: http://sdgctgdevrepo.corp.intuit.net/nexus/content/repositories/ENG.CTG.Intuit-Snapshots/com/intuit/cg/devops/artifacts/artifacts-business/1.0.16-SNAPSHOT/artifacts-business-1.0.16-20160314.201009-1.pom (5 KB at 2.0 KB/sec)
Downloading: http://sdgctgdevrepo.corp.intuit.net/nexus/content/repositories/ENG.CTG.Intuit-Snapshots/com/intuit/cg/devops/artifacts/artifacts-business/maven-metadata.xml
Downloaded: http://sdgctgdevrepo.corp.intuit.net/nexus/content/repositories/ENG.CTG.Intuit-Snapshots/com/intuit/cg/devops/artifacts/artifacts-business/maven-metadata.xml (935 B at 0.6 KB/sec)
Uploading: http://sdgctgdevrepo.corp.intuit.net/nexus/content/repositories/ENG.CTG.Intuit-Snapshots/com/intuit/cg/devops/artifacts/artifacts-business/1.0.16-SNAPSHOT/maven-metadata.xml
Uploaded: http://sdgctgdevrepo.corp.intuit.net/nexus/content/repositories/ENG.CTG.Intuit-Snapshots/com/intuit/cg/devops/artifacts/artifacts-business/1.0.16-SNAPSHOT/maven-metadata.xml (801 B at 1.0 KB/sec)
Uploading: http://sdgctgdevrepo.corp.intuit.net/nexus/content/repositories/ENG.CTG.Intuit-Snapshots/com/intuit/cg/devops/artifacts/artifacts-business/maven-metadata.xml
Uploaded: http://sdgctgdevrepo.corp.intuit.net/nexus/content/repositories/ENG.CTG.Intuit-Snapshots/com/intuit/cg/devops/artifacts/artifacts-business/maven-metadata.xml (976 B at 0.9 KB/sec)
[INFO]                                                                         
[INFO] ------------------------------------------------------------------------
[INFO] Building Artifacts REST 1.0.16-SNAPSHOT
[INFO] ------------------------------------------------------------------------
[INFO] 
[INFO] --- maven-clean-plugin:2.4.1:clean (default-clean) @ artifacts-rest ---
[INFO] 
[INFO] --- maven-resources-plugin:2.5:resources (default-resources) @ artifacts-rest ---
[debug] execute contextualize
[INFO] Using 'UTF-8' encoding to copy filtered resources.
[INFO] Copying 1 resource
[INFO] 
[INFO] --- maven-compiler-plugin:2.3.2:compile (default-compile) @ artifacts-rest ---
[INFO] Compiling 7 source files to /cgdo/data/hudslave/workspace/CTG-DO-artifacts-service-ci/artifacts-rest/target/classes
[INFO] 
[INFO] --- maven-resources-plugin:2.5:testResources (default-testResources) @ artifacts-rest ---
[debug] execute contextualize
[INFO] Using 'UTF-8' encoding to copy filtered resources.
[INFO] Copying 1 resource
[INFO] 
[INFO] --- maven-compiler-plugin:2.3.2:testCompile (default-testCompile) @ artifacts-rest ---
[INFO] Compiling 7 source files to /cgdo/data/hudslave/workspace/CTG-DO-artifacts-service-ci/artifacts-rest/target/test-classes
[INFO] 
[INFO] --- maven-surefire-plugin:2.11:test (default-test) @ artifacts-rest ---
[INFO] Surefire report directory: /cgdo/data/hudslave/workspace/CTG-DO-artifacts-service-ci/artifacts-rest/target/surefire-reports

-------------------------------------------------------
 T E S T S
-------------------------------------------------------

-------------------------------------------------------
 T E S T S
-------------------------------------------------------
Running com.intuit.cg.devops.artifacts.rest.JacksonConfigTest
Tests run: 1, Failures: 0, Errors: 0, Skipped: 0, Time elapsed: 0.207 sec
Running com.intuit.cg.devops.artifacts.rest.ArtifactsRestTest
log4j:WARN No appenders could be found for logger (org.dozer.config.GlobalSettings).
log4j:WARN Please initialize the log4j system properly.
log4j:WARN See http://logging.apache.org/log4j/1.2/faq.html#noconfig for more info.
Tests run: 40, Failures: 0, Errors: 0, Skipped: 0, Time elapsed: 0.708 sec
Running com.intuit.cg.devops.artifacts.rest.mappers.ValidationExceptionMapperTest
Tests run: 1, Failures: 0, Errors: 0, Skipped: 0, Time elapsed: 0.145 sec
Running com.intuit.cg.devops.artifacts.rest.mappers.ArtifactRestExceptionMapperTest
Tests run: 1, Failures: 0, Errors: 0, Skipped: 0, Time elapsed: 0.149 sec
Running com.intuit.cg.devops.artifacts.rest.mappers.UnauthorizedExceptionMapperTest
Tests run: 1, Failures: 0, Errors: 0, Skipped: 0, Time elapsed: 0.148 sec
Running com.intuit.cg.devops.artifacts.rest.mappers.NotFoundExceptionMapperTest
Tests run: 1, Failures: 0, Errors: 0, Skipped: 0, Time elapsed: 0.143 sec

Results :

Tests run: 45, Failures: 0, Errors: 0, Skipped: 0

[INFO] 
[INFO] --- maven-ejb-plugin:2.3:ejb (default-ejb) @ artifacts-rest ---
[INFO] Building EJB artifacts-rest-1.0.16-SNAPSHOT with EJB version 3.0
[INFO] Building jar: /cgdo/data/hudslave/workspace/CTG-DO-artifacts-service-ci/artifacts-rest/target/artifacts-rest-1.0.16-SNAPSHOT.jar
[INFO] 
[INFO] --- maven-clover2-plugin:3.2.2:check (default) @ artifacts-rest ---
[INFO] No Clover database found, skipping test coverage verification
[INFO] 
[INFO] --- maven-install-plugin:2.3.1:install (default-install) @ artifacts-rest ---
[INFO] Installing /cgdo/data/hudslave/workspace/CTG-DO-artifacts-service-ci/artifacts-rest/target/artifacts-rest-1.0.16-SNAPSHOT.jar to /home/bldslave/.m2/repository/com/intuit/cg/devops/artifacts/artifacts-rest/1.0.16-SNAPSHOT/artifacts-rest-1.0.16-SNAPSHOT.jar
[INFO] Installing /cgdo/data/hudslave/workspace/CTG-DO-artifacts-service-ci/artifacts-rest/pom.xml to /home/bldslave/.m2/repository/com/intuit/cg/devops/artifacts/artifacts-rest/1.0.16-SNAPSHOT/artifacts-rest-1.0.16-SNAPSHOT.pom
[INFO] 
[INFO] --- maven-deploy-plugin:2.7:deploy (default-deploy) @ artifacts-rest ---
Downloading: http://sdgctgdevrepo.corp.intuit.net/nexus/content/repositories/ENG.CTG.Intuit-Snapshots/com/intuit/cg/devops/artifacts/artifacts-rest/1.0.16-SNAPSHOT/maven-metadata.xml
Uploading: http://sdgctgdevrepo.corp.intuit.net/nexus/content/repositories/ENG.CTG.Intuit-Snapshots/com/intuit/cg/devops/artifacts/artifacts-rest/1.0.16-SNAPSHOT/artifacts-rest-1.0.16-20160314.201020-1.jar
Uploaded: http://sdgctgdevrepo.corp.intuit.net/nexus/content/repositories/ENG.CTG.Intuit-Snapshots/com/intuit/cg/devops/artifacts/artifacts-rest/1.0.16-SNAPSHOT/artifacts-rest-1.0.16-20160314.201020-1.jar (18 KB at 15.5 KB/sec)
Uploading: http://sdgctgdevrepo.corp.intuit.net/nexus/content/repositories/ENG.CTG.Intuit-Snapshots/com/intuit/cg/devops/artifacts/artifacts-rest/1.0.16-SNAPSHOT/artifacts-rest-1.0.16-20160314.201020-1.pom
Uploaded: http://sdgctgdevrepo.corp.intuit.net/nexus/content/repositories/ENG.CTG.Intuit-Snapshots/com/intuit/cg/devops/artifacts/artifacts-rest/1.0.16-SNAPSHOT/artifacts-rest-1.0.16-20160314.201020-1.pom (5 KB at 2.6 KB/sec)
Downloading: http://sdgctgdevrepo.corp.intuit.net/nexus/content/repositories/ENG.CTG.Intuit-Snapshots/com/intuit/cg/devops/artifacts/artifacts-rest/maven-metadata.xml
Downloaded: http://sdgctgdevrepo.corp.intuit.net/nexus/content/repositories/ENG.CTG.Intuit-Snapshots/com/intuit/cg/devops/artifacts/artifacts-rest/maven-metadata.xml (931 B at 2.3 KB/sec)
Uploading: http://sdgctgdevrepo.corp.intuit.net/nexus/content/repositories/ENG.CTG.Intuit-Snapshots/com/intuit/cg/devops/artifacts/artifacts-rest/1.0.16-SNAPSHOT/maven-metadata.xml
Uploaded: http://sdgctgdevrepo.corp.intuit.net/nexus/content/repositories/ENG.CTG.Intuit-Snapshots/com/intuit/cg/devops/artifacts/artifacts-rest/1.0.16-SNAPSHOT/maven-metadata.xml (797 B at 1.1 KB/sec)
Uploading: http://sdgctgdevrepo.corp.intuit.net/nexus/content/repositories/ENG.CTG.Intuit-Snapshots/com/intuit/cg/devops/artifacts/artifacts-rest/maven-metadata.xml
Uploaded: http://sdgctgdevrepo.corp.intuit.net/nexus/content/repositories/ENG.CTG.Intuit-Snapshots/com/intuit/cg/devops/artifacts/artifacts-rest/maven-metadata.xml (972 B at 0.7 KB/sec)
[INFO]                                                                         
[INFO] ------------------------------------------------------------------------
[INFO] Building Artifacts Service 1.0.16-SNAPSHOT
[INFO] ------------------------------------------------------------------------
[INFO] 
[INFO] --- maven-clean-plugin:2.4.1:clean (default-clean) @ artifacts-service ---
[INFO] 
[INFO] --- maven-resources-plugin:2.5:resources (default-resources) @ artifacts-service ---
[debug] execute contextualize
[INFO] Using 'UTF-8' encoding to copy filtered resources.
[INFO] Copying 1 resource
[INFO] 
[INFO] --- maven-compiler-plugin:2.3.2:compile (default-compile) @ artifacts-service ---
[INFO] No sources to compile
[INFO] 
[INFO] --- swagger-maven-plugin:2.2:generate (default) @ artifacts-service ---
SLF4J: Failed to load class "org.slf4j.impl.StaticLoggerBinder".
SLF4J: Defaulting to no-operation (NOP) logger implementation
SLF4J: See http://www.slf4j.org/codes.html#StaticLoggerBinder for further details.
[INFO] Detect Resource:com.intuit.cg.devops.artifacts.rest.ArtifactsRestInterface
[INFO] Writing doc to /cgdo/data/hudslave/workspace/CTG-DO-artifacts-service-ci/artifacts-service/target/generated-apis/apidocs/strapdown.html...
[INFO] Done!
[INFO] Creating file /cgdo/data/hudslave/workspace/CTG-DO-artifacts-service-ci/artifacts-service/target/generated-apis/apidocs/service.json
[INFO] Creating file /cgdo/data/hudslave/workspace/CTG-DO-artifacts-service-ci/artifacts-service/target/generated-apis/apidocs/v1/api.json
[INFO] 
[INFO] --- maven-resources-plugin:2.5:testResources (default-testResources) @ artifacts-service ---
[debug] execute contextualize
[INFO] Using 'UTF-8' encoding to copy filtered resources.
[INFO] skip non existing resourceDirectory /cgdo/data/hudslave/workspace/CTG-DO-artifacts-service-ci/artifacts-service/src/test/resources
[INFO] 
[INFO] --- maven-compiler-plugin:2.3.2:testCompile (default-testCompile) @ artifacts-service ---
[INFO] No sources to compile
[INFO] 
[INFO] --- maven-surefire-plugin:2.11:test (default-test) @ artifacts-service ---
[INFO] No tests to run.
[INFO] Surefire report directory: /cgdo/data/hudslave/workspace/CTG-DO-artifacts-service-ci/artifacts-service/target/surefire-reports

-------------------------------------------------------
 T E S T S
-------------------------------------------------------

Results :

Tests run: 0, Failures: 0, Errors: 0, Skipped: 0

[INFO] 
[INFO] --- maven-war-plugin:2.1.1:war (default-war) @ artifacts-service ---
[INFO] Packaging webapp
[INFO] Assembling webapp [artifacts-service] in [/cgdo/data/hudslave/workspace/CTG-DO-artifacts-service-ci/artifacts-service/target/artifacts-service]
[INFO] Processing war project
[INFO] Copying webapp webResources [/cgdo/data/hudslave/workspace/CTG-DO-artifacts-service-ci/artifacts-service/target/generated-apis] to [/cgdo/data/hudslave/workspace/CTG-DO-artifacts-service-ci/artifacts-service/target/artifacts-service]
[INFO] Copying webapp resources [/cgdo/data/hudslave/workspace/CTG-DO-artifacts-service-ci/artifacts-service/src/main/webapp]
[INFO] Webapp assembled in [106 msecs]
[INFO] Building war: /cgdo/data/hudslave/workspace/CTG-DO-artifacts-service-ci/artifacts-service/target/artifacts-service.war
[INFO] WEB-INF/web.xml already added, skipping
[INFO] 
[INFO] --- maven-clover2-plugin:3.2.2:check (default) @ artifacts-service ---
[INFO] No Clover database found, skipping test coverage verification
[INFO] 
[INFO] --- maven-install-plugin:2.3.1:install (default-install) @ artifacts-service ---
[INFO] Installing /cgdo/data/hudslave/workspace/CTG-DO-artifacts-service-ci/artifacts-service/target/artifacts-service.war to /home/bldslave/.m2/repository/com/intuit/cg/devops/artifacts/artifacts-service/1.0.16-SNAPSHOT/artifacts-service-1.0.16-SNAPSHOT.war
[INFO] Installing /cgdo/data/hudslave/workspace/CTG-DO-artifacts-service-ci/artifacts-service/pom.xml to /home/bldslave/.m2/repository/com/intuit/cg/devops/artifacts/artifacts-service/1.0.16-SNAPSHOT/artifacts-service-1.0.16-SNAPSHOT.pom
[INFO] 
[INFO] --- maven-deploy-plugin:2.7:deploy (default-deploy) @ artifacts-service ---
Downloading: http://sdgctgdevrepo.corp.intuit.net/nexus/content/repositories/ENG.CTG.Intuit-Snapshots/com/intuit/cg/devops/artifacts/artifacts-service/1.0.16-SNAPSHOT/maven-metadata.xml
Uploading: http://sdgctgdevrepo.corp.intuit.net/nexus/content/repositories/ENG.CTG.Intuit-Snapshots/com/intuit/cg/devops/artifacts/artifacts-service/1.0.16-SNAPSHOT/artifacts-service-1.0.16-20160314.201027-1.war
Uploaded: http://sdgctgdevrepo.corp.intuit.net/nexus/content/repositories/ENG.CTG.Intuit-Snapshots/com/intuit/cg/devops/artifacts/artifacts-service/1.0.16-SNAPSHOT/artifacts-service-1.0.16-20160314.201027-1.war (6878 KB at 2743.4 KB/sec)
Uploading: http://sdgctgdevrepo.corp.intuit.net/nexus/content/repositories/ENG.CTG.Intuit-Snapshots/com/intuit/cg/devops/artifacts/artifacts-service/1.0.16-SNAPSHOT/artifacts-service-1.0.16-20160314.201027-1.pom
Uploaded: http://sdgctgdevrepo.corp.intuit.net/nexus/content/repositories/ENG.CTG.Intuit-Snapshots/com/intuit/cg/devops/artifacts/artifacts-service/1.0.16-SNAPSHOT/artifacts-service-1.0.16-20160314.201027-1.pom (7 KB at 8.1 KB/sec)
Downloading: http://sdgctgdevrepo.corp.intuit.net/nexus/content/repositories/ENG.CTG.Intuit-Snapshots/com/intuit/cg/devops/artifacts/artifacts-service/maven-metadata.xml
Downloaded: http://sdgctgdevrepo.corp.intuit.net/nexus/content/repositories/ENG.CTG.Intuit-Snapshots/com/intuit/cg/devops/artifacts/artifacts-service/maven-metadata.xml (934 B at 3.9 KB/sec)
Uploading: http://sdgctgdevrepo.corp.intuit.net/nexus/content/repositories/ENG.CTG.Intuit-Snapshots/com/intuit/cg/devops/artifacts/artifacts-service/1.0.16-SNAPSHOT/maven-metadata.xml
Uploaded: http://sdgctgdevrepo.corp.intuit.net/nexus/content/repositories/ENG.CTG.Intuit-Snapshots/com/intuit/cg/devops/artifacts/artifacts-service/1.0.16-SNAPSHOT/maven-metadata.xml (800 B at 1.6 KB/sec)
Uploading: http://sdgctgdevrepo.corp.intuit.net/nexus/content/repositories/ENG.CTG.Intuit-Snapshots/com/intuit/cg/devops/artifacts/artifacts-service/maven-metadata.xml
Uploaded: http://sdgctgdevrepo.corp.intuit.net/nexus/content/repositories/ENG.CTG.Intuit-Snapshots/com/intuit/cg/devops/artifacts/artifacts-service/maven-metadata.xml (975 B at 1.7 KB/sec)
[INFO] ------------------------------------------------------------------------
[INFO] Reactor Summary:
[INFO] 
[INFO] Artifacts Service ................................. SUCCESS [5.451s]
[INFO] Artifacts Common Library .......................... SUCCESS [7.716s]
[INFO] Artifacts Config .................................. SUCCESS [5.987s]
[INFO] Artifacts Converter Library ....................... SUCCESS [7.730s]
[INFO] Artifacts Public DTO Library ...................... SUCCESS [5.117s]
[INFO] Artifacts DynamoDB ................................ SUCCESS [9.499s]
[INFO] Artifacts Rest Interface .......................... SUCCESS [7.384s]
[INFO] Artifacts Business ................................ SUCCESS [13.921s]
[INFO] Artifacts REST .................................... SUCCESS [9.152s]
[INFO] Artifacts Service ................................. SUCCESS [6.472s]
[INFO] ------------------------------------------------------------------------
[INFO] BUILD SUCCESS
[INFO] ------------------------------------------------------------------------
[INFO] Total time: 1:18.986s
[INFO] Finished at: Mon Mar 14 13:10:32 PDT 2016
[INFO] Final Memory: 110M/716M
[INFO] ------------------------------------------------------------------------
Looks like the node went offline during the build. Check the slave log for the details.
details

[description-setter] Could not determine description.
Recording test results
Finished: SUCCESS